<?xml version="1.0" encoding="UTF-8"?>
<testsuite xmlns:xsi="http://www.w3.org/2001/XMLSchema-instance" xsi:noNamespaceSchemaLocation="https://maven.apache.org/surefire/maven-surefire-plugin/xsd/surefire-test-report-3.0.xsd" version="3.0" name="com.automation.runner.TestRunner" time="40.747" tests="1" errors="0" skipped="0" failures="0">
  <properties>
[...]
</properties>
  <testcase name="verify the same object is accessed as created object" classname="Same object access validation" time="40.074">
    <system-out><![CDATA[Request method:	POST
Request URI:	https://api.restful-api.dev/objects
Proxy:			<none>
Request params:	<none>
Query params:	<none>
Form params:	<none>
Path params:	<none>
Headers:		Accept=*/*
				Content-Type=application/json
Cookies:		<none>
Multiparts:		<none>
Body:
{
    "name": "HP",
    "data": {
        "year": 2024,
        "price": 1849.99,
        "CPU model": "Intel Core i9",
        "Hard disk size": "1 TB"
    }
}
HTTP/1.1 200 
Date: Sat, 03 Aug 2024 03:43:40 GMT
Content-Type: application/json
Transfer-Encoding: chunked
Connection: keep-alive
Vary: Origin
Vary: Access-Control-Request-Method
Vary: Access-Control-Request-Headers
CF-Cache-Status: DYNAMIC
Report-To: {"endpoints":[{"url":"https:\/\/a.nel.cloudflare.com\/report\/v4?s=3ibCr6KiwbDcVBL7j3tjS9TD7O6%2B%2BO4%2BWV90KSqKh8nqptFI4HVjumEeKNyVZ%2BFtwIuM2rmFQsBxti5d8EQp41vjXmgCNJ9AdNL4hRmgBEyWVi2V7b2XMUyQ4ZLrabGj6lk3jjNU"}],"group":"cf-nel","max_age":604800}
NEL: {"success_fraction":0,"report_to":"cf-nel","max_age":604800}
Server: cloudflare
CF-RAY: 8ad34d5f8d51077f-MRS
Content-Encoding: gzip
alt-svc: h3=":443"; ma=86400

{
    "id": "ff8081819111e7b201911655c9b806e1",
    "name": "HP",
    "createdAt": "2024-08-03T03:43:27.097+00:00",
    "data": {
        "year": 2024,
        "price": 1849.99,
        "CPU model": "Intel Core i9",
        "Hard disk size": "1 TB"
    }
}
Request method:	GET
Request URI:	https://api.restful-api.dev/objects/ff8081819111e7b201911655c9b806e1
Proxy:			<none>
Request params:	<none>
Query params:	<none>
Form params:	<none>
Path params:	<none>
Headers:		Accept=*/*
				Content-Type=application/json
Cookies:		<none>
Multiparts:		<none>
Body:
{
    "name": "HP",
    "data": {
        "year": 2024,
        "price": 1849.99,
        "CPU model": "Intel Core i9",
        "Hard disk size": "1 TB"
    }
}
HTTP/1.1 200 
Date: Sat, 03 Aug 2024 03:43:50 GMT
Content-Type: application/json
Transfer-Encoding: chunked
Connection: keep-alive
Vary: Origin
Vary: Access-Control-Request-Method
Vary: Access-Control-Request-Headers
CF-Cache-Status: DYNAMIC
Report-To: {"endpoints":[{"url":"https:\/\/a.nel.cloudflare.com\/report\/v4?s=9Ij0%2FtWwn9EnW4aWXIcoVIa2ev5nATynz%2FsqaJtkc8Ano4rLpPQkESZ8Yl4XiD4h2jLh2AZBrkUlQ6DAUJWxgGzhZ6ANRI1v3UFq5V7mGjf1xfxHaeVlwKNYqCSKuO5ZOh06Cgmt"}],"group":"cf-nel","max_age":604800}
NEL: {"success_fraction":0,"report_to":"cf-nel","max_age":604800}
Server: cloudflare
CF-RAY: 8ad34e11bcb641eb-MRS
Content-Encoding: gzip
alt-svc: h3=":443"; ma=86400

{
    "id": "ff8081819111e7b201911655c9b806e1",
    "name": "HP",
    "data": {
        "year": 2024,
        "price": 1849.99,
        "CPU model": "Intel Core i9",
        "Hard disk size": "1 TB"
    }
}
ResponseObjectPojo(id=ff8081819111e7b201911655c9b806e1, name=HP, data=DataPojo(year=2024, price=1849.99, cpuModel=Intel Core i9, hardDiskSize=1 TB), createdAt=null)
ResponseObjectPojo(id=ff8081819111e7b201911655c9b806e1, name=HP, data=DataPojo(year=2024, price=1849.99, cpuModel=Intel Core i9, hardDiskSize=1 TB), createdAt=null)
]]></system-out>
  </testcase>
</testsuite>